Using pre-set license
Built from '2020.3/staging' branch; Version is '2020.3.45f1 (660cd1701bd5) revision 6687953'; Using compiler version '192528614'; Build Type 'Release'
OS: 'Windows 11  (10.0.22621) 64bit Core' Language: 'es' Physical Memory: 16052 MB
BatchMode: 1, IsHumanControllingUs: 0, StartBugReporterOnCrash: 0, Is64bit: 1, IsPro: 0

COMMAND LINE ARGUMENTS:
C:\Program Files\Unity\Hub\Editor\2020.3.45f1\Editor\Unity.exe
-adb2
-batchMode
-noUpm
-name
AssetImportWorker0
-projectPath
C:/Users/racdy/Documents/Escuela/Semestre10/01-TSICIII/Proyecto/Proyecto_Diego_Lara/ProyectoUnity
-logFile
Logs/AssetImportWorker0.log
-srvPort
51118
Successfully changed project path to: C:/Users/racdy/Documents/Escuela/Semestre10/01-TSICIII/Proyecto/Proyecto_Diego_Lara/ProyectoUnity
C:/Users/racdy/Documents/Escuela/Semestre10/01-TSICIII/Proyecto/Proyecto_Diego_Lara/ProyectoUnity
Using Asset Import Pipeline V2.
Player connection [14968] Host "[IP] 192.168.56.1 [Port] 805523936 [Flags] 2 [Guid] 863039808 [EditorId] 863039808 [Version] 1048832 [Id] WindowsEditor(7,Racdy) [Debug] 1 [PackageName] WindowsEditor [ProjectName] Editor" joined multi-casting on [225.0.0.222:54997]...

Player connection [14968] Host "[IP] 192.168.56.1 [Port] 805523936 [Flags] 2 [Guid] 863039808 [EditorId] 863039808 [Version] 1048832 [Id] WindowsEditor(7,Racdy) [Debug] 1 [PackageName] WindowsEditor [ProjectName] Editor" joined alternative multi-casting on [225.0.0.222:34997]...

Refreshing native plugins compatible for Editor in 33.13 ms, found 4 plugins.
Preloading 1 native plugins for Editor in 1.26 ms.
Initialize engine version: 2020.3.45f1 (660cd1701bd5)
[Subsystems] Discovering subsystems at path C:/Program Files/Unity/Hub/Editor/2020.3.45f1/Editor/Data/Resources/UnitySubsystems
[Subsystems] Discovering subsystems at path C:/Users/racdy/Documents/Escuela/Semestre10/01-TSICIII/Proyecto/Proyecto_Diego_Lara/ProyectoUnity/Assets
GfxDevice: creating device client; threaded=0
Direct3D:
    Version:  Direct3D 11.0 [level 11.1]
    Renderer: NVIDIA GeForce GTX 1650 (ID=0x1f9d)
    Vendor:   
    VRAM:     3950 MB
    Driver:   31.0.15.3179
Shader 'PointClouds/PointSplat': fallback shader 'PointClouds/PointSplatLegacy' not found
Initialize mono
Mono path[0] = 'C:/Program Files/Unity/Hub/Editor/2020.3.45f1/Editor/Data/Managed'
Mono path[1] = 'C:/Program Files/Unity/Hub/Editor/2020.3.45f1/Editor/Data/MonoBleedingEdge/lib/mono/unityjit'
Mono config path = 'C:/Program Files/Unity/Hub/Editor/2020.3.45f1/Editor/Data/MonoBleedingEdge/etc'
Using monoOptions --debugger-agent=transport=dt_socket,embedding=1,server=y,suspend=n,address=127.0.0.1:56336
Begin MonoManager ReloadAssembly
Registering precompiled unity dll's ...
Register platform support module: C:/Program Files/Unity/Hub/Editor/2020.3.45f1/Editor/Data/PlaybackEngines/WindowsStandaloneSupport/UnityEditor.WindowsStandalone.Extensions.dll
Registered in 0.001259 seconds.
Native extension for WindowsStandalone target not found
Refreshing native plugins compatible for Editor in 22.51 ms, found 4 plugins.
Preloading 1 native plugins for Editor in 0.05 ms.
Mono: successfully reloaded assembly
- Completed reload, in  0.435 seconds
Domain Reload Profiling:
	ReloadAssembly (435ms)
		BeginReloadAssembly (55ms)
			ExecutionOrderSort (0ms)
			DisableScriptedObjects (0ms)
			BackupInstance (0ms)
			ReleaseScriptingObjects (0ms)
			CreateAndSetChildDomain (1ms)
		EndReloadAssembly (325ms)
			LoadAssemblies (54ms)
			RebuildTransferFunctionScriptingTraits (0ms)
			SetupTypeCache (106ms)
			ReleaseScriptCaches (0ms)
			RebuildScriptCaches (19ms)
			SetupLoadedEditorAssemblies (112ms)
				LogAssemblyErrors (0ms)
				InitializePlatformSupportModulesInManaged (3ms)
				SetLoadedEditorAssemblies (0ms)
				RefreshPlugins (23ms)
				BeforeProcessingInitializeOnLoad (6ms)
				ProcessInitializeOnLoadAttributes (59ms)
				ProcessInitializeOnLoadMethodAttributes (21ms)
				AfterProcessingInitializeOnLoad (0ms)
				EditorAssembliesLoaded (0ms)
			ExecutionOrderSort2 (0ms)
			AwakeInstancesAfterBackupRestoration (0ms)
Platform modules already initialized, skipping
Registering precompiled user dll's ...
Registered in 0.005333 seconds.
Begin MonoManager ReloadAssembly
Native extension for WindowsStandalone target not found
Refreshing native plugins compatible for Editor in 0.36 ms, found 4 plugins.
Preloading 1 native plugins for Editor in 0.07 ms.
System.NullReferenceException: Object reference not set to an instance of an object
  at Vuforia.EditorClasses.ExtensionTypeProvider.GetVuforiaPackageAbsPath () [0x0004a] in <a6afc08737454b11bbcd4cac94f8cab8>:0 
  at Vuforia.EditorClasses.ExtensionTypeProvider.IsPackageManager () [0x00000] in <a6afc08737454b11bbcd4cac94f8cab8>:0 
  at Vuforia.EditorClasses.ExtensionTypeProvider.ResolvePluginType () [0x00009] in <a6afc08737454b11bbcd4cac94f8cab8>:0 
  at Vuforia.EditorClasses.ExtensionTypeProvider.GetPluginType () [0x0000c] in <a6afc08737454b11bbcd4cac94f8cab8>:0 
  at Vuforia.EditorClasses.VuforiaUtilities.IsVuforiaEnabledInPlayerSettings () [0x00000] in <a6afc08737454b11bbcd4cac94f8cab8>:0 
  at VuforiaEnabledObserver..cctor () [0x00000] in <a6afc08737454b11bbcd4cac94f8cab8>:0 
UnityEngine.StackTraceUtility:ExtractStackTrace ()
UnityEngine.DebugLogHandler:LogFormat (UnityEngine.LogType,UnityEngine.Object,string,object[])
UnityEngine.Logger:Log (UnityEngine.LogType,object)
UnityEngine.Debug:LogError (object)
UnityEditor.EditorAssemblies:ProcessInitializeOnLoadAttributes (System.Type[])

System.NullReferenceException: Object reference not set to an instance of an object
  at Vuforia.EditorClasses.ExtensionTypeProvider.GetVuforiaPackageAbsPath () [0x0004a] in <a6afc08737454b11bbcd4cac94f8cab8>:0 
  at Vuforia.EditorClasses.ExtensionTypeProvider.IsPackageManager () [0x00000] in <a6afc08737454b11bbcd4cac94f8cab8>:0 
  at Vuforia.EditorClasses.ExtensionTypeProvider.ResolvePluginType () [0x00009] in <a6afc08737454b11bbcd4cac94f8cab8>:0 
  at Vuforia.EditorClasses.ExtensionTypeProvider.GetPluginType () [0x0000c] in <a6afc08737454b11bbcd4cac94f8cab8>:0 
  at Vuforia.EditorClasses.VuforiaUtilities.IsVuforiaEnabledInPlayerSettings () [0x00000] in <a6afc08737454b11bbcd4cac94f8cab8>:0 
  at Vuforia.EditorClasses.InitializeOnLoadVuforiaTaskRunner..cctor () [0x00015] in <a6afc08737454b11bbcd4cac94f8cab8>:0 
UnityEngine.StackTraceUtility:ExtractStackTrace ()
UnityEngine.DebugLogHandler:LogFormat (UnityEngine.LogType,UnityEngine.Object,string,object[])
UnityEngine.Logger:Log (UnityEngine.LogType,object)
UnityEngine.Debug:LogError (object)
UnityEditor.EditorAssemblies:ProcessInitializeOnLoadAttributes (System.Type[])

Mono: successfully reloaded assembly
- Completed reload, in  0.656 seconds
Domain Reload Profiling:
	ReloadAssembly (657ms)
		BeginReloadAssembly (95ms)
			ExecutionOrderSort (0ms)
			DisableScriptedObjects (3ms)
			BackupInstance (0ms)
			ReleaseScriptingObjects (0ms)
			CreateAndSetChildDomain (13ms)
		EndReloadAssembly (524ms)
			LoadAssemblies (69ms)
			RebuildTransferFunctionScriptingTraits (0ms)
			SetupTypeCache (180ms)
			ReleaseScriptCaches (0ms)
			RebuildScriptCaches (28ms)
			SetupLoadedEditorAssemblies (207ms)
				LogAssemblyErrors (0ms)
				InitializePlatformSupportModulesInManaged (3ms)
				SetLoadedEditorAssemblies (0ms)
				RefreshPlugins (0ms)
				BeforeProcessingInitializeOnLoad (37ms)
				ProcessInitializeOnLoadAttributes (157ms)
				ProcessInitializeOnLoadMethodAttributes (5ms)
				AfterProcessingInitializeOnLoad (4ms)
				EditorAssembliesLoaded (0ms)
			ExecutionOrderSort2 (0ms)
			AwakeInstancesAfterBackupRestoration (1ms)
Platform modules already initialized, skipping
========================================================================
Worker process is ready to serve import requests
Shader 'PointClouds/PointSplat': fallback shader 'PointClouds/PointSplatLegacy' not found
Launched and connected shader compiler UnityShaderCompiler.exe after 0.04 seconds
Refreshing native plugins compatible for Editor in 0.53 ms, found 4 plugins.
Preloading 1 native plugins for Editor in 0.09 ms.
Unloading 1369 Unused Serialized files (Serialized files now loaded: 0)
System memory in use before: 68.3 MB.
System memory in use after: 68.4 MB.

Unloading 45 unused Assets to reduce memory usage. Loaded Objects now: 2060.
Total: 1.953000 ms (FindLiveObjects: 0.094200 ms CreateObjectMapping: 0.028800 ms MarkObjects: 1.748000 ms  DeleteObjects: 0.081200 ms)

AssetImportParameters requested are different than current active one (requested -> active):
  custom:framework-win-MediaFoundation: 216162199b28c13a410421893ffa2e32 -> 
  custom:video-decoder-ogg-theora: a1e56fd34408186e4bbccfd4996cb3dc -> 
  custom:container-muxer-webm: aa71ff27fc2769a1b78a27578f13a17b -> 
  custom:container-demuxer-webm: 4f35f7cbe854078d1ac9338744f61a02 -> 
  custom:container-demuxer-ogg: 62fdf1f143b41e24485cea50d1cbac27 -> 
  custom:video-encoder-webm-vp8: eb34c28f22e8b96e1ab97ce403110664 -> 
  custom:video-decoder-webm-vp8: 9c59270c3fd7afecdb556c50c9e8de78 -> 
  custom:audio-decoder-ogg-vorbis: bf7c407c2cedff20999df2af8eb42d56 -> 
  custom:audio-encoder-webm-vorbis: bf7c407c2cedff20999df2af8eb42d56 -> 
========================================================================
Received Import Request.
  path: Assets/Proyecto/AtomModels/Lanthanides
  artifactKey: Guid(a5c3fc2a87588344686955b8d2aa47bd) Importer(815301076,1909f56bfc062723c751e8b465ee728b)
Start importing Assets/Proyecto/AtomModels/Lanthanides using Guid(a5c3fc2a87588344686955b8d2aa47bd) Importer(815301076,1909f56bfc062723c751e8b465ee728b)  -> (artifact id: 'ac2e01b5fe954b7342b7faaa5f3887f7') in 0.013015 seconds 
========================================================================
Received Import Request.
  Time since last request: 0.000204 seconds.
  path: Assets/Proyecto/AtomModels/Lanthanides/Tm.fbx
  artifactKey: Guid(981b2a5efc7580f4fb5d6a8cf02e1682) Importer(815301076,1909f56bfc062723c751e8b465ee728b)
Start importing Assets/Proyecto/AtomModels/Lanthanides/Tm.fbx using Guid(981b2a5efc7580f4fb5d6a8cf02e1682) Importer(815301076,1909f56bfc062723c751e8b465ee728b)  -> (artifact id: '431ba888e248b2b0c0ef200f7d9de4b6') in 0.225442 seconds 
========================================================================
Received Import Request.
  Time since last request: 0.000255 seconds.
  path: Assets/Proyecto/AtomModels/Lanthanides/Ce.fbx
  artifactKey: Guid(e4b9fce9f23899943b49251cf15d05e3) Importer(815301076,1909f56bfc062723c751e8b465ee728b)
Start importing Assets/Proyecto/AtomModels/Lanthanides/Ce.fbx using Guid(e4b9fce9f23899943b49251cf15d05e3) Importer(815301076,1909f56bfc062723c751e8b465ee728b)  -> (artifact id: 'b1541caca183541b7a8798c4c3ccbc0a') in 0.120160 seconds 
========================================================================
Received Import Request.
  Time since last request: 0.000230 seconds.
  path: Assets/Proyecto/AtomModels/Lanthanides/Pm.fbx
  artifactKey: Guid(9808feace81d1924ab94eac51e27c651) Importer(815301076,1909f56bfc062723c751e8b465ee728b)
Start importing Assets/Proyecto/AtomModels/Lanthanides/Pm.fbx using Guid(9808feace81d1924ab94eac51e27c651) Importer(815301076,1909f56bfc062723c751e8b465ee728b)  -> (artifact id: 'c3f23e6a52dfe05f73aaa200138a67d6') in 0.097231 seconds 
========================================================================
Received Import Request.
  Time since last request: 0.000151 seconds.
  path: Assets/Proyecto/AtomModels/Lanthanides/Tb.fbx
  artifactKey: Guid(07138567f2b3a40488beeb2813f6c7c0) Importer(815301076,1909f56bfc062723c751e8b465ee728b)
Start importing Assets/Proyecto/AtomModels/Lanthanides/Tb.fbx using Guid(07138567f2b3a40488beeb2813f6c7c0) Importer(815301076,1909f56bfc062723c751e8b465ee728b)  -> (artifact id: '60fa4fe17091586a04e55e1a5d46a9f2') in 0.115224 seconds 
========================================================================
Received Import Request.
  Time since last request: 0.000216 seconds.
  path: Assets/Proyecto/AtomModels/Lanthanides/Dy.fbx
  artifactKey: Guid(33a62d2c8073ac74aa6a6a2628f015d8) Importer(815301076,1909f56bfc062723c751e8b465ee728b)
Start importing Assets/Proyecto/AtomModels/Lanthanides/Dy.fbx using Guid(33a62d2c8073ac74aa6a6a2628f015d8) Importer(815301076,1909f56bfc062723c751e8b465ee728b)  -> (artifact id: 'ca561fe905df6bf78222b174048e576b') in 0.106647 seconds 
========================================================================
Received Import Request.
  Time since last request: 0.000177 seconds.
  path: Assets/Proyecto/AtomModels/Lanthanides/Eu.fbx
  artifactKey: Guid(8d172656097fad644b323670cb398f7e) Importer(815301076,1909f56bfc062723c751e8b465ee728b)
Start importing Assets/Proyecto/AtomModels/Lanthanides/Eu.fbx using Guid(8d172656097fad644b323670cb398f7e) Importer(815301076,1909f56bfc062723c751e8b465ee728b)  -> (artifact id: '1d7e69eb0e602f4f275086fe59302e73') in 0.121623 seconds 
========================================================================
Received Import Request.
  Time since last request: 0.000141 seconds.
  path: Assets/Proyecto/AtomModels/Lanthanides/Nd.fbx
  artifactKey: Guid(ab7317ae35f8c1f4f9c48970e24174de) Importer(815301076,1909f56bfc062723c751e8b465ee728b)
Start importing Assets/Proyecto/AtomModels/Lanthanides/Nd.fbx using Guid(ab7317ae35f8c1f4f9c48970e24174de) Importer(815301076,1909f56bfc062723c751e8b465ee728b)  -> (artifact id: 'aa6b85415159eee44e7e4eb871db6235') in 0.115445 seconds 
========================================================================
Received Import Request.
  Time since last request: 0.000258 seconds.
  path: Assets/Proyecto/AtomModels/Lanthanides/Yb.fbx
  artifactKey: Guid(f8b26b961fe1062418e59ac3744c2633) Importer(815301076,1909f56bfc062723c751e8b465ee728b)
Start importing Assets/Proyecto/AtomModels/Lanthanides/Yb.fbx using Guid(f8b26b961fe1062418e59ac3744c2633) Importer(815301076,1909f56bfc062723c751e8b465ee728b)  -> (artifact id: 'd505cc4485b4aca2e73e1a38efc3cc2e') in 0.110481 seconds 
========================================================================
Received Import Request.
  Time since last request: 0.000274 seconds.
  path: Assets/Proyecto/AtomModels/Lanthanides/Er.fbx
  artifactKey: Guid(2ef277e7a998ba1428acae614d1a7426) Importer(815301076,1909f56bfc062723c751e8b465ee728b)
Start importing Assets/Proyecto/AtomModels/Lanthanides/Er.fbx using Guid(2ef277e7a998ba1428acae614d1a7426) Importer(815301076,1909f56bfc062723c751e8b465ee728b)  -> (artifact id: 'db4e4745efbd5ef4b5520d67b4497e04') in 0.164864 seconds 
========================================================================
Received Import Request.
  Time since last request: 0.000178 seconds.
  path: Assets/Proyecto/AtomModels/Lanthanides/Ho.fbx
  artifactKey: Guid(b37018898dcd14e48939e6e22ab3e14b) Importer(815301076,1909f56bfc062723c751e8b465ee728b)
Start importing Assets/Proyecto/AtomModels/Lanthanides/Ho.fbx using Guid(b37018898dcd14e48939e6e22ab3e14b) Importer(815301076,1909f56bfc062723c751e8b465ee728b)  -> (artifact id: 'dfefadd490d04ef335fbc83edc7040f1') in 0.102496 seconds 
========================================================================
Received Import Request.
  Time since last request: 0.000131 seconds.
  path: Assets/Proyecto/AtomModels/Lanthanides/Gd.fbx
  artifactKey: Guid(e4f2ed7c7f3498c45910132aa185d656) Importer(815301076,1909f56bfc062723c751e8b465ee728b)
Start importing Assets/Proyecto/AtomModels/Lanthanides/Gd.fbx using Guid(e4f2ed7c7f3498c45910132aa185d656) Importer(815301076,1909f56bfc062723c751e8b465ee728b)  -> (artifact id: '0f05a05eff8e975caec6c026364eceba') in 0.123427 seconds 
========================================================================
Received Import Request.
  Time since last request: 0.000238 seconds.
  path: Assets/Proyecto/AtomModels/Lanthanides/La.fbx
  artifactKey: Guid(5c5f0e715312e974f9c28a986fff2a79) Importer(815301076,1909f56bfc062723c751e8b465ee728b)
Start importing Assets/Proyecto/AtomModels/Lanthanides/La.fbx using Guid(5c5f0e715312e974f9c28a986fff2a79) Importer(815301076,1909f56bfc062723c751e8b465ee728b)  -> (artifact id: 'a0523739cffbd328613754fa76d30ee9') in 0.105396 seconds 
========================================================================
Received Import Request.
  Time since last request: 0.000302 seconds.
  path: Assets/Proyecto/AtomModels/Lanthanides/Sm.fbx
  artifactKey: Guid(468a8bbd9b2e99341af672af28c15473) Importer(815301076,1909f56bfc062723c751e8b465ee728b)
Start importing Assets/Proyecto/AtomModels/Lanthanides/Sm.fbx using Guid(468a8bbd9b2e99341af672af28c15473) Importer(815301076,1909f56bfc062723c751e8b465ee728b)  -> (artifact id: 'ab1f96c2dce9da93c3f81012b01b29e8') in 0.103591 seconds 
========================================================================
Received Import Request.
  Time since last request: 0.000196 seconds.
  path: Assets/Proyecto/AtomModels/Lanthanides/Pr.fbx
  artifactKey: Guid(a75791ab03669fd43b0f85225fe64016) Importer(815301076,1909f56bfc062723c751e8b465ee728b)
Start importing Assets/Proyecto/AtomModels/Lanthanides/Pr.fbx using Guid(a75791ab03669fd43b0f85225fe64016) Importer(815301076,1909f56bfc062723c751e8b465ee728b)  -> (artifact id: '3058de5fd0184157c1665a7e7a10b8a7') in 0.154714 seconds 
AssetImportWorkerClient::OnTransportError - code=2 error=End of file
